
17.01.2018 01:09:43 *** APXUSR Application Modules Install | Build: 1.0.0_0044.1801170109 | Commit: [master 25c3332] ***

17.01.2018 01:09:47     Dropping: "APXUSR Objects"

Dropping DB Model (Tables)

APEX_USER_REGISTRATION
APX$BUILTIN
APX$USER_ROLE_MAP
APX$USER_REGISTRATION
APX$USER
APX$ROLE
APX$PRIVILEGE
APX$DOMAIN
APX$GROUP

17.01.2018 01:09:51     Creating: "APXUSR Database Model"

Creating APXUSR DB Model (Tables)

Table "APX$GROUP" created.

Elapsed: 00:00:00.043

Index "APX$GROUP_UNQ1" created.

Elapsed: 00:00:00.012

Index "APX$GROUP_UNQ2" created.

Elapsed: 00:00:00.032

Index "APX$GROUP_UNQ3" created.

Elapsed: 00:00:00.011

Index "APX$GROUP_STATUS_FK_IDX" created.

Elapsed: 00:00:00.006

Index "APX$GROUP_PARENT_FK_IDX" created.

Elapsed: 00:00:00.007

Index "APX$GROUP_SECLEV" created.

Elapsed: 00:00:00.010

Index "APX$GROUP_APX_ID" created.

Elapsed: 00:00:00.006

Sequence "APX$GROUP_ID_SEQ" created.

Elapsed: 00:00:00.006
Elapsed: 00:00:00.044

Synonym "APEX_GROUP" created.

Elapsed: 00:00:00.011

1 row inserted.

Elapsed: 00:00:00.033

1 row inserted.

Elapsed: 00:00:00.006

1 row inserted.

Elapsed: 00:00:00.005

1 row inserted.

Elapsed: 00:00:00.007

Commit complete.

Elapsed: 00:00:00.004

View "APEX_GROUPS" created.

Elapsed: 00:00:00.021

Synonym "APEX_USER_GROUPS" created.

Elapsed: 00:00:00.010

Table "APX$DOMAIN" created.

Elapsed: 00:00:00.018

Index "APX$DOMAIN_UNQ1" created.

Elapsed: 00:00:00.011

Index "APX$DOMAIN_UNQ2" created.

Elapsed: 00:00:00.010

Index "APX$DOMAIN_UNQ3" created.

Elapsed: 00:00:00.008

Index "APX$DOMAIN_GROUP_FK_IDX" created.

Elapsed: 00:00:00.006

Index "APX$DOMAIN_STATUS_FK_IDX" created.

Elapsed: 00:00:00.013

Index "APX$DOMAIN_PARENT_FK_IDX" created.

Elapsed: 00:00:00.007

Index "APX$DOMAIN_SECLEV" created.

Elapsed: 00:00:00.007

Index "APX$DOMAIN_APX_ID" created.

Elapsed: 00:00:00.009

Sequence "APX$DOMAIN_ID_SEQ" created.

Elapsed: 00:00:00.005
Elapsed: 00:00:00.020

Synonym "APEX_DOMAIN" created.

Elapsed: 00:00:00.010

1 row inserted.

Elapsed: 00:00:00.018

1 row inserted.

Elapsed: 00:00:00.005

1 row inserted.

Elapsed: 00:00:00.008

Commit complete.

Elapsed: 00:00:00.008

View "APEX_DOMAINS" created.

Elapsed: 00:00:00.021

Synonym "APEX_USER_DOMAINS" created.

Elapsed: 00:00:00.009

View "APEX_VALID_DOMAINS" created.

Elapsed: 00:00:00.020
Elapsed: 00:00:00.025

Grant succeeded.

Elapsed: 00:00:00.011

Table "APX$PRIVILEGE" created.

Elapsed: 00:00:00.016

Index "APX$PRIV_UNQ1" created.

Elapsed: 00:00:00.013

Index "APX$PRIV_UNQ2" created.

Elapsed: 00:00:00.011

Index "APX$PRIV_STATUS_FK_IDX" created.

Elapsed: 00:00:00.006

Index "APX$PRIV_PARENT_FK_IDX" created.

Elapsed: 00:00:00.008

Index "APX$PRIV_SECLEV" created.

Elapsed: 00:00:00.007

Index "APX$PRIV_APP_ID" created.

Elapsed: 00:00:00.006

Sequence "APX$PRIV_ID_SEQ" created.

Elapsed: 00:00:00.005
Elapsed: 00:00:00.017

Synonym "APEX_PRIVILEGE" created.

Elapsed: 00:00:00.009

View "APEX_PRIVILEGES" created.

Elapsed: 00:00:00.029

Synonym "APEX_USER_PRIVILEGES" created.

Elapsed: 00:00:00.009

Table "APX$ROLE" created.

Elapsed: 00:00:00.017

Index "APX$ROLE_UNQ1" created.

Elapsed: 00:00:00.008

Index "APX$ROLE_UNQ2" created.

Elapsed: 00:00:00.008

Index "APX$ROLE_DOMAIN_FK_IDX" created.

Elapsed: 00:00:00.006

Index "APX$ROLE_CTX_FK_IDX" created.

Elapsed: 00:00:00.006

Index "APX$ROLE_STATUS_FK_IDX" created.

Elapsed: 00:00:00.006

Index "APX$ROLE_PARENT_FK_IDX" created.

Elapsed: 00:00:00.006

Index "APX$ROLE_SECLEV" created.

Elapsed: 00:00:00.016

Index "APX$ROLE_APX_ID" created.

Elapsed: 00:00:00.016

Sequence "APX$ROLE_ID_SEQ" created.

Elapsed: 00:00:00.009
Elapsed: 00:00:00.026

Synonym "APEX_ROLE" created.

Elapsed: 00:00:00.009

1 row inserted.

Elapsed: 00:00:00.017

1 row inserted.

Elapsed: 00:00:00.006

1 row inserted.

Elapsed: 00:00:00.004

1 row inserted.

Elapsed: 00:00:00.006

1 row inserted.

Elapsed: 00:00:00.005

1 row inserted.

Elapsed: 00:00:00.004

Commit complete.

Elapsed: 00:00:00.004

View "APEX_ROLES" created.

Elapsed: 00:00:00.030

Synonym "APEX_APP_ROLES" created.

Elapsed: 00:00:00.010

Table "APX$USER" created.

Elapsed: 00:00:00.029

Index "APX$USER_UNQ1" created.

Elapsed: 00:00:00.008

Index "APX$USER_UNQ2" created.

Elapsed: 00:00:00.010

Index "APX$USER_APX_ID" created.

Elapsed: 00:00:00.010

Index "APX$USER_DOMAIN_FK_IDX" created.

Elapsed: 00:00:00.011

Index "APX$USER_CTX_FK_IDX" created.

Elapsed: 00:00:00.007

Index "APX$USER_STATUS_FK_IDX" created.

Elapsed: 00:00:00.007

Index "APX$USER_DEFROLE_FK_IDX" created.

Elapsed: 00:00:00.012

Index "APX$USER_PARENT_FK_IDX" created.

Elapsed: 00:00:00.007

Index "APX$USER_SECLEV" created.

Elapsed: 00:00:00.009

Sequence "APX$USER_ID_SEQ" created.

Elapsed: 00:00:00.006
Elapsed: 00:00:00.031

Synonym "APEX_USER" created.

Elapsed: 00:00:00.011

View "APEX_USERS" created.

Elapsed: 00:00:00.066

Synonym "APEX_APP_USERS" created.

Elapsed: 00:00:00.012

Table "APX$USER_REG" created.

Elapsed: 00:00:00.031

Index "APX$USREG_UNQ1" created.

Elapsed: 00:00:00.010

Index "APX$USREG_UNQ2" created.

Elapsed: 00:00:00.007

Index "APX$USREG_UNQ3" created.

Elapsed: 00:00:00.010

Index "APX$USREG_UNQ4" created.

Elapsed: 00:00:00.008

Index "APX$USRREG_DOMAIN_FK_IDX" created.

Elapsed: 00:00:00.008

Index "APX$USRREG_CTX_FK_IDX" created.

Elapsed: 00:00:00.006

Index "APX$USRREG_STATUS_FK_IDX" created.

Elapsed: 00:00:00.007

Index "APX$USRREG_APXUSR_FK_IDX" created.

Elapsed: 00:00:00.006

Index "APX$USRREG_ROLE_FK_IDX" created.

Elapsed: 00:00:00.009

Sequence "APX$USREG_ID_SEQ" created.

Elapsed: 00:00:00.006
Elapsed: 00:00:00.034

Synonym "APEX_USER_REGISTRATION" created.

Elapsed: 00:00:00.014

Synonym "APEX_USREG" created.

Elapsed: 00:00:00.005

View "APEX_USER_REGISTRATIONS" created.

Elapsed: 00:00:00.040

View "APEX_USER_REGISTRATIONS_ALL" created.

Elapsed: 00:00:00.061

Synonym "APEX_USER_ALL_REG" created.

Elapsed: 00:00:00.011
Elapsed: 00:00:00.022
Elapsed: 00:00:00.024

1 row inserted.

Elapsed: 00:00:00.067

1 row inserted.

Elapsed: 00:00:00.008

Commit complete.

Elapsed: 00:00:00.006

View "APEX_USER_REG_STATUS" created.

Elapsed: 00:00:00.019

PL/SQL procedure successfully completed.

Elapsed: 00:00:00.278

Grant succeeded.

Elapsed: 00:00:00.007

Grant succeeded.

Elapsed: 00:00:00.042

Grant succeeded.

Elapsed: 00:00:00.007

Grant succeeded.

Elapsed: 00:00:00.023

Table "APX$USER_ROLE_MAP" created.

Elapsed: 00:00:00.031

Index "APX$USERROLMAP_STAT" created.

Elapsed: 00:00:00.008

Index "APX$USERROLEMAP_UNQ" created.

Elapsed: 00:00:00.009

Sequence "APX$USERROLE_SEQ" created.

Elapsed: 00:00:00.006
Elapsed: 00:00:00.019
Elapsed: 00:00:00.017

Synonym "APEX_USER_ROLE_MAP" created.

Elapsed: 00:00:00.011

View "APEX_USER_ROLES" created.

Elapsed: 00:00:00.108

Table "APX$BUILTIN" created.

Elapsed: 00:00:00.023

Index "APX$BUILTIN_UNQ" created.

Elapsed: 00:00:00.011

Index "APX$BUILTIN_CTX_FK_IDX" created.

Elapsed: 00:00:00.007

Index "APX$BUILTIN_STAT_FK_IDX" created.

Elapsed: 00:00:00.006

Synonym "APEX_BUILTIN" created.

Elapsed: 00:00:00.005
Elapsed: 00:00:00.025
Elapsed: 00:00:00.015
Elapsed: 00:00:00.012
Elapsed: 00:00:00.027
Elapsed: 00:00:00.014
Elapsed: 00:00:00.039
Elapsed: 00:00:00.026

View "APEX_WS_USER_ACCOUNT_STATUS" created.

Elapsed: 00:00:00.050

Gathering Stats...

PL/SQL procedure successfully completed.

Elapsed: 00:00:02.450


17.01.2018 01:09:57 *** DONE Status (0)

*** APXUSR Application Modules Install End | Build: 1.0.0_0044.1801170109 | Commit: [master 25c3332] ***

